<?xml version="1.0" encoding="UTF-8" standalone="no"?><testsuite errors="0" failures="1" name="Gestión de mascotas en Swagger Petstore" skipped="1" tests="2" time="4.13" timestamp="2025-03-13 06:56:18"><testcase name="Eliminar una mascota por su ID"><failure message="&#13;&#10;Expected: &lt;200&gt;&#13;&#10;     but: was &lt;404&gt;" type="java.lang.AssertionError">&#13;
Expected: &lt;200&gt;&#13;
     but: was &lt;404&gt;</failure><system-err>&#13;
Expected: &lt;200&gt;&#13;
     but: was &lt;404&gt;&#13;
stepdefinitions.SwaggerPetstoreStepDefinition.verificaElEstadoDeLaRespuestaDeDichaPetición(SwaggerPetstoreStepDefinition.java:41)&#13;
worker.org.gradle.process.internal.worker.GradleWorkerMain.run(GradleWorkerMain.java:69)&#13;
worker.org.gradle.process.internal.worker.GradleWorkerMain.main(GradleWorkerMain.java:74)&#13;
</system-err></testcase></testsuite>